#
# A fatal error has been detected by the Java Runtime Environment:
#
#  SIGSEGV (0xb) at pc=0x00007f57b6b31b1f, pid=1190, tid=140014726821632
#
# JRE version: OpenJDK Runtime Environment (7.0_45-b15) (build 1.7.0_45-mockbuild_2013_10_21_06_40-b00)
# Java VM: OpenJDK 64-Bit Server VM (24.45-b08 mixed mode linux-amd64 compressed oops)
# Problematic frame:
# V  [libjvm.so+0x5e2b1f]  JNI_CreateJavaVM+0x334f
#
# Failed to write core dump. Core dumps have been disabled. To enable core dumping, try "ulimit -c unlimited" before starting Java again
#
# If you would like to submit a bug report, please include
# instructions on how to reproduce the bug and visit:
#   http://icedtea.classpath.org/bugzilla
#

---------------  T H R E A D  ---------------

Current thread (0x00007f57b0008000):  JavaThread "main" [_thread_in_vm, id=1193, stack(0x00007f57b7fe3000,0x00007f57b80e4000)]

siginfo:si_signo=SIGSEGV: si_errno=0, si_code=1 (SEGV_MAPERR), si_addr=0x0000000000000000

Registers:
RAX=0x00007f57b72fc458, RBX=0x00007f57b0008000, RCX=0x0000000000000005, RDX=0x0000000000000000
RSP=0x00007f57b80e2550, RBP=0x00007f57b80e25c0, RSI=0x00007f57b0008000, RDI=0x00007f57b80e2560
R8 =0x0000000000000000, R9 =0x00007f57a5a50ac0, R10=0x00007f57b80e2380, R11=0x00007f57a5804750
R12=0x00007f57b7305700, R13=0x00007f57b7301240, R14=0x0000000000000000, R15=0x00007f57b00081d8
RIP=0x00007f57b6b31b1f, EFLAGS=0x0000000000010202, CSGSFS=0x0000000000000033, ERR=0x0000000000000004
  TRAPNO=0x000000000000000e

Top of Stack: (sp=0x00007f57b80e2550)
0x00007f57b80e2550:   00007f57b80e2560 00007f57b80e25df
0x00007f57b80e2560:   00007f57b0008000 0000000000000000
0x00007f57b80e2570:   00007f5734059998 00007f57a57af6e0
0x00007f57b80e2580:   00007f57b0008000 00007f57b033c3a0
0x00007f57b80e2590:   00007f57b00081d8 00007f57b80e2638
0x00007f57b80e25a0:   0000000000000000 0000000000000000
0x00007f57b80e25b0:   00007f57a5a5ed80 00007f57b033beb0
0x00007f57b80e25c0:   0000000000000005 00007f57a5a76caf
0x00007f57b80e25d0:   00007f57b033beb0 0000000000000000
0x00007f57b80e25e0:   00007f57b033c3a0 00007f57b00081d8
0x00007f57b80e25f0:   00007f57b80e26dc 00007f57a5a771b6
0x00007f57b80e2600:   00007f57b0008000 00007f57a5a725e8
0x00007f57b80e2610:   00007f57a5a57cc0 00007f57a5a50ac0
0x00007f57b80e2620:   00007f5700000005 00007f5700000000
0x00007f57b80e2630:   00007f57b80e27c8 00007f57b7f0c715
0x00007f57b80e2640:   0000000800000000 0000000400000004
0x00007f57b80e2650:   0000000000000000 00007f57b00081d8
0x00007f57b80e2660:   00007f57a5c86a60 00007f57b033beb0
0x00007f57b80e2670:   00007f57b80e27c8 00007f57a5a5ed80
0x00007f57b80e2680:   00007f57b033c3a0 00007f57a5a77985
0x00007f57b80e2690:   00007f57a5a5ed80 00007f57b033c3a0
0x00007f57b80e26a0:   00007f57b033beb0 00007f5700000005
0x00007f57b80e26b0:   00007f5700000005 00007f57a5a50ac0
0x00007f57b80e26c0:   0000000000000000 0000000000000001
0x00007f57b80e26d0:   0000000000000000 0000000400000008
0x00007f57b80e26e0:   0000000000000000 000000073bae14e0
0x00007f57b80e26f0:   00007f57b80e27a8 0000000000000000
0x00007f57b80e2700:   000000073bae14e0 00007f57b80e2800
0x00007f57b80e2710:   00007f57b0008000 00007f57ad012738
0x00007f57b80e2720:   00000007ffffffff 0000000000000032
0x00007f57b80e2730:   00007f57b80e27c8 0000000000000000
0x00007f57b80e2740:   00007f57b80e2768 00007f57b80e27b0 

Instructions: (pc=0x00007f57b6b31b1f)
0x00007f57b6b31aff:   00 00 83 c0 01 89 83 a0 02 00 00 48 83 7d 98 00
0x00007f57b6b31b0f:   74 07 48 8b 45 98 c6 00 00 48 8b 05 f1 96 79 00
0x00007f57b6b31b1f:   49 8b 3e 0f b6 10 84 d2 0f 84 b3 00 00 00 48 8b
0x00007f57b6b31b2f:   35 bc b1 79 00 8b 47 08 8b 4e 08 48 d3 e0 48 03 

Register to memory mapping:

RAX=0x00007f57b72fc458: <offset 0xdad458> in /usr/lib/jvm/java-1.7.0-openjdk-1.7.0.45.x86_64/jre/lib/amd64/server/libjvm.so at 0x00007f57b654f000
RBX=0x00007f57b0008000 is a thread
RCX=0x0000000000000005 is an unknown value
RDX=0x0000000000000000 is an unknown value
RSP=0x00007f57b80e2550 is pointing into the stack for thread: 0x00007f57b0008000
RBP=0x00007f57b80e25c0 is pointing into the stack for thread: 0x00007f57b0008000
RSI=0x00007f57b0008000 is a thread
RDI=0x00007f57b80e2560 is pointing into the stack for thread: 0x00007f57b0008000
R8 =0x0000000000000000 is an unknown value
R9 =0x00007f57a5a50ac0: ompi_mpi_int32_t+0 in /usr/local/lib/openmpi/lib/libmpi.so.0 at 0x00007f57a57aa000
R10=0x00007f57b80e2380 is pointing into the stack for thread: 0x00007f57b0008000
R11=0x00007f57a5804750: PMPI_Get_count+0 in /usr/local/lib/openmpi/lib/libmpi.so.0 at 0x00007f57a57aa000
R12=0x00007f57b7305700: <offset 0xdb6700> in /usr/lib/jvm/java-1.7.0-openjdk-1.7.0.45.x86_64/jre/lib/amd64/server/libjvm.so at 0x00007f57b654f000
R13=0x00007f57b7301240: <offset 0xdb2240> in /usr/lib/jvm/java-1.7.0-openjdk-1.7.0.45.x86_64/jre/lib/amd64/server/libjvm.so at 0x00007f57b654f000
R14=0x0000000000000000 is an unknown value
R15=0x00007f57b00081d8 is an unknown value


Stack: [0x00007f57b7fe3000,0x00007f57b80e4000],  sp=0x00007f57b80e2550,  free space=1021k
Native frames: (J=compiled Java code, j=interpreted, Vv=VM code, C=native code)
V  [libjvm.so+0x5e2b1f]  JNI_CreateJavaVM+0x334f

Java frames: (J=compiled Java code, j=interpreted, Vv=VM code)
j  mpi.Comm.Recv(Ljava/lang/Object;IILmpi/Datatype;IILmpi/Status;)Lmpi/Status;+0
j  mpi.Comm.Recv(Ljava/lang/Object;IILmpi/Datatype;II)Lmpi/Status;+115
j  Kmeans.main([Ljava/lang/String;)V+147
v  ~StubRoutines::call_stub

---------------  P R O C E S S  ---------------

Java Threads: ( => current thread )
  0x00007f57b00b1000 JavaThread "Service Thread" daemon [_thread_blocked, id=1239, stack(0x00007f57a5d95000,0x00007f57a5e96000)]
  0x00007f57b00af000 JavaThread "C2 CompilerThread1" daemon [_thread_blocked, id=1238, stack(0x00007f57a5e96000,0x00007f57a5f97000)]
  0x00007f57b00ac000 JavaThread "C2 CompilerThread0" daemon [_thread_blocked, id=1237, stack(0x00007f57a5f97000,0x00007f57a6098000)]
  0x00007f57b00aa000 JavaThread "Signal Dispatcher" daemon [_thread_blocked, id=1236, stack(0x00007f57a6098000,0x00007f57a6199000)]
  0x00007f57b0086800 JavaThread "Finalizer" daemon [_thread_blocked, id=1232, stack(0x00007f57a6199000,0x00007f57a629a000)]
  0x00007f57b0084800 JavaThread "Reference Handler" daemon [_thread_blocked, id=1230, stack(0x00007f57a629a000,0x00007f57a639b000)]
=>0x00007f57b0008000 JavaThread "main" [_thread_in_vm, id=1193, stack(0x00007f57b7fe3000,0x00007f57b80e4000)]

Other Threads:
  0x00007f57b0080000 VMThread [stack: 0x00007f57a639b000,0x00007f57a649c000] [id=1227]
  0x00007f57b00bc000 WatcherThread [stack: 0x00007f57a5c94000,0x00007f57a5d95000] [id=1240]

VM state:not at safepoint (normal execution)

VM Mutex/Monitor currently owned by a thread: None

Heap
 PSYoungGen      total 55808K, used 962K [0x00000007c1f00000, 0x00000007c5d00000, 0x0000000800000000)
  eden space 48128K, 2% used [0x00000007c1f00000,0x00000007c1ff0aa8,0x00000007c4e00000)
  from space 7680K, 0% used [0x00000007c5580000,0x00000007c5580000,0x00000007c5d00000)
  to   space 7680K, 0% used [0x00000007c4e00000,0x00000007c4e00000,0x00000007c5580000)
 ParOldGen       total 126976K, used 0K [0x0000000745e00000, 0x000000074da00000, 0x00000007c1f00000)
  object space 126976K, 0% used [0x0000000745e00000,0x0000000745e00000,0x000000074da00000)
 PSPermGen       total 21504K, used 2997K [0x000000073b800000, 0x000000073cd00000, 0x0000000745e00000)
  object space 21504K, 13% used [0x000000073b800000,0x000000073baed400,0x000000073cd00000)

Card table byte_map: [0x00007f57b4e81000,0x00007f57b54a6000] byte_map_base: 0x00007f57b14a5000

Polling page: 0x00007f57b8116000

Code Cache  [0x00007f57ad000000, 0x00007f57ad270000, 0x00007f57b0000000)
 total_blobs=189 nmethods=0 adapters=159 free_code_cache=48760Kb largest_free_block=49931136

Compilation events (0 events):
No events

GC Heap History (0 events):
No events

Deoptimization events (0 events):
No events

Internal exceptions (10 events):
Event: 0.066 Thread 0x00007f57b0008000 Threw 0x00000007c1f687b8 at /builddir/build/BUILD/java-1.7.0-openjdk/openjdk/hotspot/src/share/vm/prims/jvm.cpp:1244
Event: 0.068 Thread 0x00007f57b0008000 Threw 0x00000007c1f6cb70 at /builddir/build/BUILD/java-1.7.0-openjdk/openjdk/hotspot/src/share/vm/prims/jvm.cpp:1244
Event: 0.068 Thread 0x00007f57b0008000 Threw 0x00000007c1f75338 at /builddir/build/BUILD/java-1.7.0-openjdk/openjdk/hotspot/src/share/vm/prims/jvm.cpp:1244
Event: 0.069 Thread 0x00007f57b0008000 Threw 0x00000007c1f77aa8 at /builddir/build/BUILD/java-1.7.0-openjdk/openjdk/hotspot/src/share/vm/prims/jvm.cpp:1244
Event: 0.070 Thread 0x00007f57b0008000 Threw 0x00000007c1f7ad00 at /builddir/build/BUILD/java-1.7.0-openjdk/openjdk/hotspot/src/share/vm/prims/jvm.cpp:1244
Event: 0.070 Thread 0x00007f57b0008000 Threw 0x00000007c1f7df78 at /builddir/build/BUILD/java-1.7.0-openjdk/openjdk/hotspot/src/share/vm/prims/jvm.cpp:1244
Event: 0.071 Thread 0x00007f57b0008000 Threw 0x00000007c1f82c20 at /builddir/build/BUILD/java-1.7.0-openjdk/openjdk/hotspot/src/share/vm/prims/jvm.cpp:1244
Event: 0.071 Thread 0x00007f57b0008000 Threw 0x00000007c1f850f0 at /builddir/build/BUILD/java-1.7.0-openjdk/openjdk/hotspot/src/share/vm/prims/jvm.cpp:1244
Event: 0.072 Thread 0x00007f57b0008000 Threw 0x00000007c1f8d4f0 at /builddir/build/BUILD/java-1.7.0-openjdk/openjdk/hotspot/src/share/vm/prims/jvm.cpp:1244
Event: 0.181 Thread 0x00007f57b0008000 Threw 0x00000007c1f978c8 at /builddir/build/BUILD/java-1.7.0-openjdk/openjdk/hotspot/src/share/vm/prims/jvm.cpp:1244

Events (10 events):
Event: 0.071 loading class 0x00007f57b00d2d40
Event: 0.071 loading class 0x00007f57b00d2d40 done
Event: 0.072 loading class 0x00007f57b00fbdf0
Event: 0.072 loading class 0x00007f57b00fbdf0 done
Event: 0.073 loading class 0x00007f57b000b9c0
Event: 0.073 loading class 0x00007f57b00d8940
Event: 0.073 loading class 0x00007f57b00d8940 done
Event: 0.073 loading class 0x00007f57b000b9c0 done
Event: 0.181 loading class 0x00007f57b00dcee0
Event: 0.181 loading class 0x00007f57b00dcee0 done


Dynamic libraries:
00400000-00401000 r-xp 00000000 fd:00 9440172                            /usr/lib/jvm/java-1.7.0-openjdk-1.7.0.45.x86_64/jre/bin/java
00600000-00601000 rw-p 00000000 fd:00 9440172                            /usr/lib/jvm/java-1.7.0-openjdk-1.7.0.45.x86_64/jre/bin/java
00b60000-00b81000 rw-p 00000000 00:00 0                                  [heap]
73b800000-73cd00000 rw-p 00000000 00:00 0 
73cd00000-745e00000 rw-p 00000000 00:00 0 
745e00000-74da00000 rw-p 00000000 00:00 0 
74da00000-7c1f00000 rw-p 00000000 00:00 0 
7c1f00000-7c5d00000 rw-p 00000000 00:00 0 
7c5d00000-800000000 rw-p 00000000 00:00 0 
7f5733fff000-7f5738000000 rw-s 00000000 fd:00 7864798                    /tmp/openmpi-sessions-yinxu@ghc48_0/52549/1/shared_mem_pool.ghc48 (deleted)
7f5738000000-7f5738021000 rw-p 00000000 00:00 0 
7f5738021000-7f573c000000 ---p 00000000 00:00 0 
7f573c000000-7f573c021000 rw-p 00000000 00:00 0 
7f573c021000-7f5740000000 ---p 00000000 00:00 0 
7f5740000000-7f5740021000 rw-p 00000000 00:00 0 
7f5740021000-7f5744000000 ---p 00000000 00:00 0 
7f5744000000-7f5744021000 rw-p 00000000 00:00 0 
7f5744021000-7f5748000000 ---p 00000000 00:00 0 
7f5748000000-7f5748021000 rw-p 00000000 00:00 0 
7f5748021000-7f574c000000 ---p 00000000 00:00 0 
7f574e16f000-7f5754000000 r--p 00000000 fd:00 8405294                    /usr/lib/locale/locale-archive
7f5754000000-7f5754021000 rw-p 00000000 00:00 0 
7f5754021000-7f5758000000 ---p 00000000 00:00 0 
7f5758000000-7f5758021000 rw-p 00000000 00:00 0 
7f5758021000-7f575c000000 ---p 00000000 00:00 0 
7f575c000000-7f575c021000 rw-p 00000000 00:00 0 
7f575c021000-7f5760000000 ---p 00000000 00:00 0 
7f5761dc0000-7f5768000000 rw-p 00000000 00:00 0 
7f5768000000-7f5768021000 rw-p 00000000 00:00 0 
7f5768021000-7f576c000000 ---p 00000000 00:00 0 
7f576c000000-7f576c021000 rw-p 00000000 00:00 0 
7f576c021000-7f5770000000 ---p 00000000 00:00 0 
7f5770000000-7f5770021000 rw-p 00000000 00:00 0 
7f5770021000-7f5774000000 ---p 00000000 00:00 0 
7f5778000000-7f5778021000 rw-p 00000000 00:00 0 
7f5778021000-7f577c000000 ---p 00000000 00:00 0 
7f5780000000-7f5780021000 rw-p 00000000 00:00 0 
7f5780021000-7f5784000000 ---p 00000000 00:00 0 
7f5788000000-7f5788021000 rw-p 00000000 00:00 0 
7f5788021000-7f578c000000 ---p 00000000 00:00 0 
7f5790000000-7f5790021000 rw-p 00000000 00:00 0 
7f5790021000-7f5794000000 ---p 00000000 00:00 0 
7f5798000000-7f5798021000 rw-p 00000000 00:00 0 
7f5798021000-7f579c000000 ---p 00000000 00:00 0 
7f579ca6f000-7f579ca7c000 r-xp 00000000 fd:00 9441112                    /usr/local/lib/openmpi/lib/openmpi/mca_osc_rdma.so
7f579ca7c000-7f579cc7c000 ---p 0000d000 fd:00 9441112                    /usr/local/lib/openmpi/lib/openmpi/mca_osc_rdma.so
7f579cc7c000-7f579cc7d000 rw-p 0000d000 fd:00 9441112                    /usr/local/lib/openmpi/lib/openmpi/mca_osc_rdma.so
7f579cc7d000-7f579cc99000 r-xp 00000000 fd:00 9441034                    /usr/local/lib/openmpi/lib/openmpi/mca_coll_tuned.so
7f579cc99000-7f579ce98000 ---p 0001c000 fd:00 9441034                    /usr/local/lib/openmpi/lib/openmpi/mca_coll_tuned.so
7f579ce98000-7f579ce9a000 rw-p 0001b000 fd:00 9441034                    /usr/local/lib/openmpi/lib/openmpi/mca_coll_tuned.so
7f579ce9a000-7f579ce9f000 r-xp 00000000 fd:00 9441032                    /usr/local/lib/openmpi/lib/openmpi/mca_coll_sm.so
7f579ce9f000-7f579d09e000 ---p 00005000 fd:00 9441032                    /usr/local/lib/openmpi/lib/openmpi/mca_coll_sm.so
7f579d09e000-7f579d09f000 rw-p 00004000 fd:00 9441032                    /usr/local/lib/openmpi/lib/openmpi/mca_coll_sm.so
7f579d09f000-7f579d0a1000 r-xp 00000000 fd:00 9441030                    /usr/local/lib/openmpi/lib/openmpi/mca_coll_self.so
7f579d0a1000-7f579d2a0000 ---p 00002000 fd:00 9441030                    /usr/local/lib/openmpi/lib/openmpi/mca_coll_self.so
7f579d2a0000-7f579d2a1000 rw-p 00001000 fd:00 9441030                    /usr/local/lib/openmpi/lib/openmpi/mca_coll_self.so
7f579d2b9000-7f579d2c3000 r-xp 00000000 fd:00 9441110                    /usr/local/lib/openmpi/lib/openmpi/mca_osc_pt2pt.so
7f579d2c3000-7f579d4c3000 ---p 0000a000 fd:00 9441110                    /usr/local/lib/openmpi/lib/openmpi/mca_osc_pt2pt.so
7f579d4c3000-7f579d4c4000 rw-p 0000a000 fd:00 9441110                    /usr/local/lib/openmpi/lib/openmpi/mca_osc_pt2pt.so
7f579d4c4000-7f579d4d5000 r-xp 00000000 fd:00 9441026                    /usr/local/lib/openmpi/lib/openmpi/mca_coll_libnbc.so
7f579d4d5000-7f579d6d5000 ---p 00011000 fd:00 9441026                    /usr/local/lib/openmpi/lib/openmpi/mca_coll_libnbc.so
7f579d6d5000-7f579d6d6000 rw-p 00011000 fd:00 9441026                    /usr/local/lib/openmpi/lib/openmpi/mca_coll_libnbc.so
7f579d6d6000-7f579d6d9000 r-xp 00000000 fd:00 9441024                    /usr/local/lib/openmpi/lib/openmpi/mca_coll_inter.so
7f579d6d9000-7f579d8d9000 ---p 00003000 fd:00 9441024                    /usr/local/lib/openmpi/lib/openmpi/mca_coll_inter.so
7f579d8d9000-7f579d8da000 rw-p 00003000 fd:00 9441024                    /usr/local/lib/openmpi/lib/openmpi/mca_coll_inter.so
7f579d8da000-7f579d8e3000 r-xp 00000000 fd:00 9441020                    /usr/local/lib/openmpi/lib/openmpi/mca_coll_basic.so
7f579d8e3000-7f579dae3000 ---p 00009000 fd:00 9441020                    /usr/local/lib/openmpi/lib/openmpi/mca_coll_basic.so
7f579dae3000-7f579dae4000 rw-p 00009000 fd:00 9441020                    /usr/local/lib/openmpi/lib/openmpi/mca_coll_basic.so
7f579dae4000-7f579daf0000 r-xp 00000000 fd:00 9441018                    /usr/local/lib/openmpi/lib/openmpi/mca_btl_tcp.so
7f579daf0000-7f579dcef000 ---p 0000c000 fd:00 9441018                    /usr/local/lib/openmpi/lib/openmpi/mca_btl_tcp.so
7f579dcef000-7f579dcf1000 rw-p 0000b000 fd:00 9441018                    /usr/local/lib/openmpi/lib/openmpi/mca_btl_tcp.so
7f579dcf1000-7f579dd71000 rw-p 00000000 00:00 0 
7f579dd71000-7f579dd77000 r-xp 00000000 fd:00 9441016                    /usr/local/lib/openmpi/lib/openmpi/mca_btl_sm.so
7f579dd77000-7f579df77000 ---p 00006000 fd:00 9441016                    /usr/local/lib/openmpi/lib/openmpi/mca_btl_sm.so
7f579df77000-7f579df78000 rw-p 00006000 fd:00 9441016                    /usr/local/lib/openmpi/lib/openmpi/mca_btl_sm.so
7f579df78000-7f579df7b000 r-xp 00000000 fd:00 9441014                    /usr/local/lib/openmpi/lib/openmpi/mca_btl_self.so
7f579df7b000-7f579e17b000 ---p 00003000 fd:00 9441014                    /usr/local/lib/openmpi/lib/openmpi/mca_btl_self.so
7f579e17b000-7f579e17c000 rw-p 00003000 fd:00 9441014                    /usr/local/lib/openmpi/lib/openmpi/mca_btl_self.so
7f579e17c000-7f579e17f000 r-xp 00000000 fd:00 9441012                    /usr/local/lib/openmpi/lib/openmpi/mca_bml_r2.so
7f579e17f000-7f579e37f000 ---p 00003000 fd:00 9441012                    /usr/local/lib/openmpi/lib/openmpi/mca_bml_r2.so
7f579e37f000-7f579e380000 rw-p 00003000 fd:00 9441012                    /usr/local/lib/openmpi/lib/openmpi/mca_bml_r2.so
7f579e588000-7f579e59f000 r-xp 00000000 fd:00 9441124                    /usr/local/lib/openmpi/lib/openmpi/mca_pml_ob1.so
7f579e59f000-7f579e79e000 ---p 00017000 fd:00 9441124                    /usr/local/lib/openmpi/lib/openmpi/mca_pml_ob1.so
7f579e79e000-7f579e7a0000 rw-p 00016000 fd:00 9441124                    /usr/local/lib/openmpi/lib/openmpi/mca_pml_ob1.so
7f579e7ad000-7f579e7b4000 r-xp 00000000 fd:00 9441052                    /usr/local/lib/openmpi/lib/openmpi/mca_dpm_orte.so
7f579e7b4000-7f579e9b4000 ---p 00007000 fd:00 9441052                    /usr/local/lib/openmpi/lib/openmpi/mca_dpm_orte.so
7f579e9b4000-7f579e9b5000 rw-p 00007000 fd:00 9441052                    /usr/local/lib/openmpi/lib/openmpi/mca_dpm_orte.so
7f579e9b5000-7f579e9bb000 r-xp 00000000 fd:00 9441022                    /usr/local/lib/openmpi/lib/openmpi/mca_coll_hierarch.so
7f579e9bb000-7f579ebba000 ---p 00006000 fd:00 9441022                    /usr/local/lib/openmpi/lib/openmpi/mca_coll_hierarch.so
7f579ebba000-7f579ebbb000 rw-p 00005000 fd:00 9441022                    /usr/local/lib/openmpi/lib/openmpi/mca_coll_hierarch.so
7f579ebd6000-7f579ebd9000 r-xp 00000000 fd:00 9441128                    /usr/local/lib/openmpi/lib/openmpi/mca_pubsub_orte.so
7f579ebd9000-7f579edd8000 ---p 00003000 fd:00 9441128                    /usr/local/lib/openmpi/lib/openmpi/mca_pubsub_orte.so
7f579edd8000-7f579edd9000 rw-p 00002000 fd:00 9441128                    /usr/local/lib/openmpi/lib/openmpi/mca_pubsub_orte.so
7f579edd9000-7f579eddb000 r-xp 00000000 fd:00 9311876                    /usr/local/lib/openmpi/lib/libmca_common_sm.so.0.0.0
7f579eddb000-7f579efda000 ---p 00002000 fd:00 9311876                    /usr/local/lib/openmpi/lib/libmca_common_sm.so.0.0.0
7f579efda000-7f579efdb000 rw-p 00001000 fd:00 9311876                    /usr/local/lib/openmpi/lib/libmca_common_sm.so.0.0.0
7f579efdb000-7f579efdd000 r-xp 00000000 fd:00 9441104                    /usr/local/lib/openmpi/lib/openmpi/mca_mpool_sm.so
7f579efdd000-7f579f1dc000 ---p 00002000 fd:00 9441104                    /usr/local/lib/openmpi/lib/openmpi/mca_mpool_sm.so
7f579f1dc000-7f579f1dd000 rw-p 00001000 fd:00 9441104                    /usr/local/lib/openmpi/lib/openmpi/mca_mpool_sm.so
7f579f1dd000-7f579f1e0000 r-xp 00000000 fd:00 9441102                    /usr/local/lib/openmpi/lib/openmpi/mca_mpool_grdma.so
7f579f1e0000-7f579f3e0000 ---p 00003000 fd:00 9441102                    /usr/local/lib/openmpi/lib/openmpi/mca_mpool_grdma.so
7f579f3e0000-7f579f3e1000 rw-p 00003000 fd:00 9441102                    /usr/local/lib/openmpi/lib/openmpi/mca_mpool_grdma.so
7f579f3e1000-7f579f3e4000 r-xp 00000000 fd:00 9441136                    /usr/local/lib/openmpi/lib/openmpi/mca_rcache_vma.so
7f579f3e4000-7f579f5e4000 ---p 00003000 fd:00 9441136                    /usr/local/lib/openmpi/lib/openmpi/mca_rcache_vma.so
7f579f5e4000-7f579f5e5000 rw-p 00003000 fd:00 9441136                    /usr/local/lib/openmpi/lib/openmpi/mca_rcache_vma.so
7f579f5e5000-7f579f5e7000 r-xp 00000000 fd:00 9441006                    /usr/local/lib/openmpi/lib/openmpi/mca_allocator_bucket.so
7f579f5e7000-7f579f7e6000 ---p 00002000 fd:00 9441006                    /usr/local/lib/openmpi/lib/openmpi/mca_allocator_bucket.so
7f579f7e6000-7f579f7e7000 rw-p 00001000 fd:00 9441006                    /usr/local/lib/openmpi/lib/openmpi/mca_allocator_bucket.so
7f579f7e7000-7f579f7e9000 r-xp 00000000 fd:00 9441004                    /usr/local/lib/openmpi/lib/openmpi/mca_allocator_basic.so
7f579f7e9000-7f579f9e8000 ---p 00002000 fd:00 9441004                    /usr/local/lib/openmpi/lib/openmpi/mca_allocator_basic.so
7f579f9e8000-7f579f9e9000 rw-p 00001000 fd:00 9441004                    /usr/local/lib/openmpi/lib/openmpi/mca_allocator_basic.so
7f579f9e9000-7f579f9eb000 r-xp 00000000 fd:00 9441086                    /usr/local/lib/openmpi/lib/openmpi/mca_grpcomm_bad.so
7f579f9eb000-7f579fbea000 ---p 00002000 fd:00 9441086                    /usr/local/lib/openmpi/lib/openmpi/mca_grpcomm_bad.so
7f579fbea000-7f579fbeb000 rw-p 00001000 fd:00 9441086                    /usr/local/lib/openmpi/lib/openmpi/mca_grpcomm_bad.so
7f579fbeb000-7f579fbee000 r-xp 00000000 fd:00 9441042                    /usr/local/lib/openmpi/lib/openmpi/mca_db_hash.so
7f579fbee000-7f579fdee000 ---p 00003000 fd:00 9441042                    /usr/local/lib/openmpi/lib/openmpi/mca_db_hash.so
7f579fdee000-7f579fdef000 rw-p 00003000 fd:00 9441042                    /usr/local/lib/openmpi/lib/openmpi/mca_db_hash.so
7f579fdef000-7f579fdfe000 r-xp 00000000 fd:00 9441108                    /usr/local/lib/openmpi/lib/openmpi/mca_oob_tcp.so
7f579fdfe000-7f579fffe000 ---p 0000f000 fd:00 9441108                    /usr/local/lib/openmpi/lib/openmpi/mca_oob_tcp.so
7f579fffe000-7f57a0000000 rw-p 0000f000 fd:00 9441108                    /usr/local/lib/openmpi/lib/openmpi/mca_oob_tcp.so
7f57a0000000-7f57a0021000 rw-p 00000000 00:00 0 
7f57a0021000-7f57a4000000 ---p 00000000 00:00 0 
7f57a404e000-7f57a4054000 r-xp 00000000 fd:00 9441152                    /usr/local/lib/openmpi/lib/openmpi/mca_rml_oob.so
7f57a4054000-7f57a4253000 ---p 00006000 fd:00 9441152                    /usr/local/lib/openmpi/lib/openmpi/mca_rml_oob.so
7f57a4253000-7f57a4254000 rw-p 00005000 fd:00 9441152                    /usr/local/lib/openmpi/lib/openmpi/mca_rml_oob.so
7f57a4255000-7f57a4257000 r-xp 00000000 fd:00 9441044                    /usr/local/lib/openmpi/lib/openmpi/mca_db_print.so
7f57a4257000-7f57a4456000 ---p 00002000 fd:00 9441044                    /usr/local/lib/openmpi/lib/openmpi/mca_db_print.so
7f57a4456000-7f57a4457000 rw-p 00001000 fd:00 9441044                    /usr/local/lib/openmpi/lib/openmpi/mca_db_print.so
7f57a4457000-7f57a445a000 r-xp 00000000 fd:00 9441154                    /usr/local/lib/openmpi/lib/openmpi/mca_routed_binomial.so
7f57a445a000-7f57a465a000 ---p 00003000 fd:00 9441154                    /usr/local/lib/openmpi/lib/openmpi/mca_routed_binomial.so
7f57a465a000-7f57a465b000 rw-p 00003000 fd:00 9441154                    /usr/local/lib/openmpi/lib/openmpi/mca_routed_binomial.so
7f57a465b000-7f57a465d000 r-xp 00000000 fd:00 9441054                    /usr/local/lib/openmpi/lib/openmpi/mca_errmgr_default_app.so
7f57a465d000-7f57a485c000 ---p 00002000 fd:00 9441054                    /usr/local/lib/openmpi/lib/openmpi/mca_errmgr_default_app.so
7f57a485c000-7f57a485d000 rw-p 00001000 fd:00 9441054                    /usr/local/lib/openmpi/lib/openmpi/mca_errmgr_default_app.so
7f57a485d000-7f57a485e000 r-xp 00000000 fd:00 9441176                    /usr/local/lib/openmpi/lib/openmpi/mca_state_app.so
7f57a485e000-7f57a4a5e000 ---p 00001000 fd:00 9441176                    /usr/local/lib/openmpi/lib/openmpi/mca_state_app.so
7f57a4a5e000-7f57a4a5f000 rw-p 00001000 fd:00 9441176                    /usr/local/lib/openmpi/lib/openmpi/mca_state_app.so
7f57a4a5f000-7f57a4a61000 r-xp 00000000 fd:00 9441060                    /usr/local/lib/openmpi/lib/openmpi/mca_ess_env.so
7f57a4a61000-7f57a4c60000 ---p 00002000 fd:00 9441060                    /usr/local/lib/openmpi/lib/openmpi/mca_ess_env.so
7f57a4c60000-7f57a4c61000 rw-p 00001000 fd:00 9441060                    /usr/local/lib/openmpi/lib/openmpi/mca_ess_env.so
7f57a4c61000-7f57a4c64000 r-xp 00000000 fd:00 9441170                    /usr/local/lib/openmpi/lib/openmpi/mca_shmem_mmap.so
7f57a4c64000-7f57a4e63000 ---p 00003000 fd:00 9441170                    /usr/local/lib/openmpi/lib/openmpi/mca_shmem_mmap.so
7f57a4e63000-7f57a4e64000 rw-p 00002000 fd:00 9441170                    /usr/local/lib/openmpi/lib/openmpi/mca_shmem_mmap.so
7f57a4e64000-7f57a4e66000 r-xp 00000000 fd:00 30146747                   /lib64/libutil-2.12.so
7f57a4e66000-7f57a5065000 ---p 00002000 fd:00 30146747                   /lib64/libutil-2.12.so
7f57a5065000-7f57a5066000 r--p 00001000 fd:00 30146747                   /lib64/libutil-2.12.so
7f57a5066000-7f57a5067000 rw-p 00002000 fd:00 30146747                   /lib64/libutil-2.12.so
7f57a5067000-7f57a507d000 r-xp 00000000 fd:00 30146687                   /lib64/libnsl-2.12.so
7f57a507d000-7f57a527c000 ---p 00016000 fd:00 30146687                   /lib64/libnsl-2.12.so
7f57a527c000-7f57a527d000 r--p 00015000 fd:00 30146687                   /lib64/libnsl-2.12.so
7f57a527d000-7f57a527e000 rw-p 00016000 fd:00 30146687                   /lib64/libnsl-2.12.so
7f57a527e000-7f57a5280000 rw-p 00000000 00:00 0 
7f57a5280000-7f57a532d000 r-xp 00000000 fd:00 9312515                    /usr/local/lib/openmpi/lib/libopen-pal.so.0.0.0
7f57a532d000-7f57a552d000 ---p 000ad000 fd:00 9312515                    /usr/local/lib/openmpi/lib/libopen-pal.so.0.0.0
7f57a552d000-7f57a5534000 rw-p 000ad000 fd:00 9312515                    /usr/local/lib/openmpi/lib/libopen-pal.so.0.0.0
7f57a5534000-7f57a553a000 rw-p 00000000 00:00 0 
7f57a553a000-7f57a55a5000 r-xp 00000000 fd:00 9312518                    /usr/local/lib/openmpi/lib/libopen-rte.so.0.0.0
7f57a55a5000-7f57a57a5000 ---p 0006b000 fd:00 9312518                    /usr/local/lib/openmpi/lib/libopen-rte.so.0.0.0
7f57a57a5000-7f57a57a9000 rw-p 0006b000 fd:00 9312518                    /usr/local/lib/openmpi/lib/libopen-rte.so.0.0.0
7f57a57a9000-7f57a57aa000 rw-p 00000000 00:00 0 
7f57a57aa000-7f57a584d000 r-xp 00000000 fd:00 9311973                    /usr/local/lib/openmpi/lib/libmpi.so.0.0.0
7f57a584d000-7f57a5a4d000 ---p 000a3000 fd:00 9311973                    /usr/local/lib/openmpi/lib/libmpi.so.0.0.0
7f57a5a4d000-7f57a5a5e000 rw-p 000a3000 fd:00 9311973                    /usr/local/lib/openmpi/lib/libmpi.so.0.0.0
7f57a5a5e000-7f57a5a70000 rw-p 00000000 00:00 0 
7f57a5a70000-7f57a5a86000 r-xp 00000000 fd:00 9312005                    /usr/local/lib/openmpi/lib/libmpi_java.so.0.0.0
7f57a5a86000-7f57a5c86000 ---p 00016000 fd:00 9312005                    /usr/local/lib/openmpi/lib/libmpi_java.so.0.0.0
7f57a5c86000-7f57a5c87000 rw-p 00016000 fd:00 9312005                    /usr/local/lib/openmpi/lib/libmpi_java.so.0.0.0
7f57a5c87000-7f57a5c88000 r--s 00006000 fd:00 9312519                    /usr/local/lib/openmpi/lib/mpi.jar
7f57a5c88000-7f57a5c8b000 r--s 0000f000 fd:00 9968549                    /usr/lib/jvm/java-1.7.0-openjdk-1.7.0.45.x86_64/jre/lib/ext/pulse-java.jar
7f57a5c8b000-7f57a5c94000 r--s 00066000 fd:00 9968546                    /usr/lib/jvm/java-1.7.0-openjdk-1.7.0.45.x86_64/jre/lib/ext/gnome-java-bridge.jar
7f57a5c94000-7f57a5c95000 ---p 00000000 00:00 0 
7f57a5c95000-7f57a5d95000 rw-p 00000000 00:00 0 
7f57a5d95000-7f57a5d98000 ---p 00000000 00:00 0 
7f57a5d98000-7f57a5e96000 rw-p 00000000 00:00 0 
7f57a5e96000-7f57a5e99000 ---p 00000000 00:00 0 
7f57a5e99000-7f57a5f97000 rw-p 00000000 00:00 0 
7f57a5f97000-7f57a5f9a000 ---p 00000000 00:00 0 
7f57a5f9a000-7f57a6098000 rw-p 00000000 00:00 0 
7f57a6098000-7f57a609b000 ---p 00000000 00:00 0 
7f57a609b000-7f57a6199000 rw-p 00000000 00:00 0 
7f57a6199000-7f57a619c000 ---p 00000000 00:00 0 
7f57a619c000-7f57a629a000 rw-p 00000000 00:00 0 
7f57a629a000-7f57a629d000 ---p 00000000 00:00 0 
7f57a629d000-7f57a639b000 rw-p 00000000 00:00 0 
7f57a639b000-7f57a639c000 ---p 00000000 00:00 0 
7f57a639c000-7f57a8000000 rw-p 00000000 00:00 0 
7f57a8000000-7f57a8021000 rw-p 00000000 00:00 0 
7f57a8021000-7f57ac000000 ---p 00000000 00:00 0 
7f57ac00e000-7f57ac75d000 rw-p 00000000 00:00 0 
7f57ac75d000-7f57ac90b000 r--s 03e5e000 fd:00 9583461                    /usr/lib/jvm/java-1.7.0-openjdk-1.7.0.45.x86_64/jre/lib/rt.jar
7f57ac90b000-7f57ad000000 rw-p 00000000 00:00 0 
7f57ad000000-7f57ad270000 rwxp 00000000 00:00 0 
7f57ad270000-7f57b0350000 rw-p 00000000 00:00 0 
7f57b0350000-7f57b4000000 ---p 00000000 00:00 0 
7f57b4043000-7f57b4044000 ---p 00000000 00:00 0 
7f57b4044000-7f57b4144000 rw-p 00000000 00:00 0 
7f57b4144000-7f57b4145000 ---p 00000000 00:00 0 
7f57b4145000-7f57b4245000 rw-p 00000000 00:00 0 
7f57b4245000-7f57b4246000 ---p 00000000 00:00 0 
7f57b4246000-7f57b4346000 rw-p 00000000 00:00 0 
7f57b4346000-7f57b4347000 ---p 00000000 00:00 0 
7f57b4347000-7f57b4447000 rw-p 00000000 00:00 0 
7f57b4447000-7f57b4448000 ---p 00000000 00:00 0 
7f57b4448000-7f57b4548000 rw-p 00000000 00:00 0 
7f57b4548000-7f57b4549000 ---p 00000000 00:00 0 
7f57b4549000-7f57b4649000 rw-p 00000000 00:00 0 
7f57b4649000-7f57b464a000 ---p 00000000 00:00 0 
7f57b464a000-7f57b474a000 rw-p 00000000 00:00 0 
7f57b474a000-7f57b474b000 ---p 00000000 00:00 0 
7f57b474b000-7f57b484b000 rw-p 00000000 00:00 0 
7f57b484b000-7f57b484c000 ---p 00000000 00:00 0 
7f57b484c000-7f57b494c000 rw-p 00000000 00:00 0 
7f57b494c000-7f57b494d000 ---p 00000000 00:00 0 
7f57b494d000-7f57b4a58000 rw-p 00000000 00:00 0 
7f57b4a58000-7f57b4aa0000 rw-p 00000000 00:00 0 
7f57b4aa0000-7f57b4ade000 rw-p 00000000 00:00 0 
7f57b4ade000-7f57b4e81000 rw-p 00000000 00:00 0 
7f57b4e81000-7f57b4e8c000 rw-p 00000000 00:00 0 
7f57b4e8c000-7f57b4ed4000 rw-p 00000000 00:00 0 
7f57b4ed4000-7f57b4f12000 rw-p 00000000 00:00 0 
7f57b4f12000-7f57b52b4000 rw-p 00000000 00:00 0 
7f57b52b4000-7f57b52d4000 rw-p 00000000 00:00 0 
7f57b52d4000-7f57b54a5000 rw-p 00000000 00:00 0 
7f57b54a5000-7f57b54b0000 rw-p 00000000 00:00 0 
7f57b54b0000-7f57b5566000 rw-p 00000000 00:00 0 
7f57b5566000-7f57b556e000 r-xp 00000000 fd:00 9707340                    /usr/lib/jvm/java-1.7.0-openjdk-1.7.0.45.x86_64/jre/lib/amd64/libzip.so
7f57b556e000-7f57b576d000 ---p 00008000 fd:00 9707340                    /usr/lib/jvm/java-1.7.0-openjdk-1.7.0.45.x86_64/jre/lib/amd64/libzip.so
7f57b576d000-7f57b576e000 rw-p 00007000 fd:00 9707340                    /usr/lib/jvm/java-1.7.0-openjdk-1.7.0.45.x86_64/jre/lib/amd64/libzip.so
7f57b576e000-7f57b5797000 r-xp 00000000 fd:00 9707317                    /usr/lib/jvm/java-1.7.0-openjdk-1.7.0.45.x86_64/jre/lib/amd64/libjava.so
7f57b5797000-7f57b5996000 ---p 00029000 fd:00 9707317                    /usr/lib/jvm/java-1.7.0-openjdk-1.7.0.45.x86_64/jre/lib/amd64/libjava.so
7f57b5996000-7f57b5998000 rw-p 00028000 fd:00 9707317                    /usr/lib/jvm/java-1.7.0-openjdk-1.7.0.45.x86_64/jre/lib/amd64/libjava.so
7f57b5998000-7f57b59a5000 r-xp 00000000 fd:00 9707338                    /usr/lib/jvm/java-1.7.0-openjdk-1.7.0.45.x86_64/jre/lib/amd64/libverify.so
7f57b59a5000-7f57b5ba5000 ---p 0000d000 fd:00 9707338                    /usr/lib/jvm/java-1.7.0-openjdk-1.7.0.45.x86_64/jre/lib/amd64/libverify.so
7f57b5ba5000-7f57b5ba7000 rw-p 0000d000 fd:00 9707338                    /usr/lib/jvm/java-1.7.0-openjdk-1.7.0.45.x86_64/jre/lib/amd64/libverify.so
7f57b5ba7000-7f57b5bae000 r-xp 00000000 fd:00 30146745                   /lib64/librt-2.12.so
7f57b5bae000-7f57b5dad000 ---p 00007000 fd:00 30146745                   /lib64/librt-2.12.so
7f57b5dad000-7f57b5dae000 r--p 00006000 fd:00 30146745                   /lib64/librt-2.12.so
7f57b5dae000-7f57b5daf000 rw-p 00007000 fd:00 30146745                   /lib64/librt-2.12.so
7f57b5daf000-7f57b5dc5000 r-xp 00000000 fd:00 30146585                   /lib64/libgcc_s-4.4.7-20120601.so.1
7f57b5dc5000-7f57b5fc4000 ---p 00016000 fd:00 30146585                   /lib64/libgcc_s-4.4.7-20120601.so.1
7f57b5fc4000-7f57b5fc5000 rw-p 00015000 fd:00 30146585                   /lib64/libgcc_s-4.4.7-20120601.so.1
7f57b5fc5000-7f57b6048000 r-xp 00000000 fd:00 30146681                   /lib64/libm-2.12.so
7f57b6048000-7f57b6247000 ---p 00083000 fd:00 30146681                   /lib64/libm-2.12.so
7f57b6247000-7f57b6248000 r--p 00082000 fd:00 30146681                   /lib64/libm-2.12.so
7f57b6248000-7f57b6249000 rw-p 00083000 fd:00 30146681                   /lib64/libm-2.12.so
7f57b6249000-7f57b6331000 r-xp 00000000 fd:00 8389487                    /usr/lib64/libstdc++.so.6.0.13
7f57b6331000-7f57b6531000 ---p 000e8000 fd:00 8389487                    /usr/lib64/libstdc++.so.6.0.13
7f57b6531000-7f57b6538000 r--p 000e8000 fd:00 8389487                    /usr/lib64/libstdc++.so.6.0.13
7f57b6538000-7f57b653a000 rw-p 000ef000 fd:00 8389487                    /usr/lib64/libstdc++.so.6.0.13
7f57b653a000-7f57b654f000 rw-p 00000000 00:00 0 
7f57b654f000-7f57b7039000 r-xp 00000000 fd:00 9966922                    /usr/lib/jvm/java-1.7.0-openjdk-1.7.0.45.x86_64/jre/lib/amd64/server/libjvm.so
7f57b7039000-7f57b7239000 ---p 00aea000 fd:00 9966922                    /usr/lib/jvm/java-1.7.0-openjdk-1.7.0.45.x86_64/jre/lib/amd64/server/libjvm.so
7f57b7239000-7f57b72f4000 rw-p 00aea000 fd:00 9966922                    /usr/lib/jvm/java-1.7.0-openjdk-1.7.0.45.x86_64/jre/lib/amd64/server/libjvm.so
7f57b72f4000-7f57b7321000 rw-p 00000000 00:00 0 
7f57b7321000-7f57b7336000 r-xp 00000000 fd:00 30146575                   /lib64/libz.so.1.2.3
7f57b7336000-7f57b7535000 ---p 00015000 fd:00 30146575                   /lib64/libz.so.1.2.3
7f57b7535000-7f57b7536000 r--p 00014000 fd:00 30146575                   /lib64/libz.so.1.2.3
7f57b7536000-7f57b7537000 rw-p 00015000 fd:00 30146575                   /lib64/libz.so.1.2.3
7f57b7537000-7f57b76c1000 r-xp 00000000 fd:00 30146617                   /lib64/libc-2.12.so
7f57b76c1000-7f57b78c0000 ---p 0018a000 fd:00 30146617                   /lib64/libc-2.12.so
7f57b78c0000-7f57b78c4000 r--p 00189000 fd:00 30146617                   /lib64/libc-2.12.so
7f57b78c4000-7f57b78c5000 rw-p 0018d000 fd:00 30146617                   /lib64/libc-2.12.so
7f57b78c5000-7f57b78ca000 rw-p 00000000 00:00 0 
7f57b78ca000-7f57b78cc000 r-xp 00000000 fd:00 30146656                   /lib64/libdl-2.12.so
7f57b78cc000-7f57b7acc000 ---p 00002000 fd:00 30146656                   /lib64/libdl-2.12.so
7f57b7acc000-7f57b7acd000 r--p 00002000 fd:00 30146656                   /lib64/libdl-2.12.so
7f57b7acd000-7f57b7ace000 rw-p 00003000 fd:00 30146656                   /lib64/libdl-2.12.so
7f57b7ace000-7f57b7adb000 r-xp 00000000 fd:00 9966918                    /usr/lib/jvm/java-1.7.0-openjdk-1.7.0.45.x86_64/jre/lib/amd64/jli/libjli.so
7f57b7adb000-7f57b7cda000 ---p 0000d000 fd:00 9966918                    /usr/lib/jvm/java-1.7.0-openjdk-1.7.0.45.x86_64/jre/lib/amd64/jli/libjli.so
7f57b7cda000-7f57b7cdb000 rw-p 0000c000 fd:00 9966918                    /usr/lib/jvm/java-1.7.0-openjdk-1.7.0.45.x86_64/jre/lib/amd64/jli/libjli.so
7f57b7cdb000-7f57b7cf2000 r-xp 00000000 fd:00 30146665                   /lib64/libpthread-2.12.so
7f57b7cf2000-7f57b7ef2000 ---p 00017000 fd:00 30146665                   /lib64/libpthread-2.12.so
7f57b7ef2000-7f57b7ef3000 r--p 00017000 fd:00 30146665                   /lib64/libpthread-2.12.so
7f57b7ef3000-7f57b7ef4000 rw-p 00018000 fd:00 30146665                   /lib64/libpthread-2.12.so
7f57b7ef4000-7f57b7ef8000 rw-p 00000000 00:00 0 
7f57b7ef8000-7f57b7f18000 r-xp 00000000 fd:00 30146568                   /lib64/ld-2.12.so
7f57b7f21000-7f57b7f28000 r--s 00000000 fd:00 8654582                    /usr/lib64/gconv/gconv-modules.cache
7f57b7f28000-7f57b7f8e000 rw-p 00000000 00:00 0 
7f57b7f8e000-7f57b7fe3000 r--s 00000000 fd:00 33817250                   /var/db/nscd/passwd
7f57b7fe3000-7f57b7fe6000 ---p 00000000 00:00 0 
7f57b7fe6000-7f57b80e6000 rw-p 00000000 00:00 0 
7f57b80ea000-7f57b80eb000 rw-p 00000000 00:00 0 
7f57b80eb000-7f57b80ec000 rw-s 00000000 fd:00 7864800                    /tmp/openmpi-sessions-yinxu@ghc48_0/52549/1/shared_mem_btl_module.ghc48 (deleted)
7f57b80ec000-7f57b810d000 rw-p 00000000 00:00 0 
7f57b810d000-7f57b8115000 rw-s 00000000 fd:00 7864782                    /tmp/hsperfdata_yinxu/1190
7f57b8115000-7f57b8116000 rw-p 00000000 00:00 0 
7f57b8116000-7f57b8117000 r--p 00000000 00:00 0 
7f57b8117000-7f57b8118000 r--p 0001f000 fd:00 30146568                   /lib64/ld-2.12.so
7f57b8118000-7f57b8119000 rw-p 00020000 fd:00 30146568                   /lib64/ld-2.12.so
7f57b8119000-7f57b811b000 rw-p 00000000 00:00 0 
7ffffaeb4000-7ffffaec9000 rw-p 00000000 00:00 0                          [stack]
7ffffafff000-7ffffb000000 r-xp 00000000 00:00 0                          [vdso]
ffffffffff600000-ffffffffff601000 r-xp 00000000 00:00 0                  [vsyscall]

VM Arguments:
jvm_args: -Djava.library.path=/usr/local/lib/openmpi/lib 
java_command: Kmeans 4
Launcher Type: SUN_STANDARD

Environment Variables:
PATH=/usr/lib64/qt-3.3/bin:/usr/kerberos/sbin:/usr/kerberos/bin:/usr/local/bin:/bin:/usr/bin:/usr/local/lib/openmpi/bin
LD_LIBRARY_PATH=/usr/local/lib/openmpi/lib
SHELL=/bin/csh
HOSTTYPE=x86_64-linux
OSTYPE=linux
MACHTYPE=x86_64

Signal Handlers:
SIGSEGV: [libjvm.so+0x9249f0], sa_mask[0]=0x7ffbfeff, sa_flags=0x10000004
SIGBUS: [libjvm.so+0x9249f0], sa_mask[0]=0x7ffbfeff, sa_flags=0x10000004
SIGFPE: [libjvm.so+0x7b25a0], sa_mask[0]=0x7ffbfeff, sa_flags=0x10000004
SIGPIPE: [libjvm.so+0x7b25a0], sa_mask[0]=0x7ffbfeff, sa_flags=0x10000004
SIGXFSZ: [libjvm.so+0x7b25a0], sa_mask[0]=0x7ffbfeff, sa_flags=0x10000004
SIGILL: [libjvm.so+0x7b25a0], sa_mask[0]=0x7ffbfeff, sa_flags=0x10000004
SIGUSR1: SIG_DFL, sa_mask[0]=0x00000000, sa_flags=0x00000000
SIGUSR2: [libjvm.so+0x7b3a30], sa_mask[0]=0x00000000, sa_flags=0x10000004
SIGHUP: [libjvm.so+0x7b4da0], sa_mask[0]=0x7ffbfeff, sa_flags=0x10000004
SIGINT: [libjvm.so+0x7b4da0], sa_mask[0]=0x7ffbfeff, sa_flags=0x10000004
SIGTERM: [libjvm.so+0x7b4da0], sa_mask[0]=0x7ffbfeff, sa_flags=0x10000004
SIGQUIT: [libjvm.so+0x7b4da0], sa_mask[0]=0x7ffbfeff, sa_flags=0x10000004


---------------  S Y S T E M  ---------------

OS:Red Hat Enterprise Linux Workstation release 6.4 (Santiago)

uname:Linux 2.6.32-358.11.1.el6.x86_64 #1 SMP Wed May 15 10:48:38 EDT 2013 x86_64
libc:glibc 2.12 NPTL 2.12 
rlimit: STACK 10240k, CORE 0k, NPROC 1024, NOFILE 4096, AS infinity
load average:1.19 0.82 0.73

/proc/meminfo:
MemTotal:       12191060 kB
MemFree:         6855916 kB
Buffers:            8392 kB
Cached:          3128480 kB
SwapCached:            0 kB
Active:          2384628 kB
Inactive:        1873964 kB
Active(anon):    1123824 kB
Inactive(anon):     6884 kB
Active(file):    1260804 kB
Inactive(file):  1867080 kB
Unevictable:           0 kB
Mlocked:               0 kB
SwapTotal:       1023992 kB
SwapFree:        1023992 kB
Dirty:               364 kB
Writeback:             4 kB
AnonPages:       1107972 kB
Mapped:           140092 kB
Shmem:              8724 kB
Slab:             904268 kB
SReclaimable:     847340 kB
SUnreclaim:        56928 kB
KernelStack:        4440 kB
PageTables:        26568 kB
NFS_Unstable:          0 kB
Bounce:                0 kB
WritebackTmp:          0 kB
CommitLimit:     7119520 kB
Committed_AS:    3253068 kB
VmallocTotal:   34359738367 kB
VmallocUsed:      157056 kB
VmallocChunk:   34359561212 kB
HardwareCorrupted:     0 kB
AnonHugePages:    579584 kB
HugePages_Total:       0
HugePages_Free:        0
HugePages_Rsvd:        0
HugePages_Surp:        0
Hugepagesize:       2048 kB
DirectMap4k:      135140 kB
DirectMap2M:     5105664 kB
DirectMap1G:     7340032 kB


CPU:total 12 (6 cores per cpu, 2 threads per core) family 6 model 44 stepping 2, cmov, cx8, fxsr, mmx, sse, sse2, sse3, ssse3, sse4.1, sse4.2, popcnt, aes, ht, tsc, tscinvbit, tscinv

/proc/cpuinfo:
processor	: 0
vendor_id	: GenuineIntel
cpu family	: 6
model		: 44
model name	: Intel(R) Xeon(R) CPU           W3670  @ 3.20GHz
stepping	: 2
cpu MHz		: 3200.323
cache size	: 12288 KB
physical id	: 0
siblings	: 12
core id		: 0
cpu cores	: 6
apicid		: 0
initial apicid	: 0
fpu		: yes
fpu_exception	: yes
cpuid level	: 11
wp		: yes
flags		: fpu vme de pse tsc msr pae mce cx8 apic sep mtrr pge mca cmov pat pse36 clflush dts acpi mmx fxsr sse sse2 ss ht tm pbe syscall nx pdpe1gb rdtscp lm constant_tsc arch_perfmon pebs bts rep_good xtopology nonstop_tsc aperfmperf pni pclmulqdq dtes64 monitor ds_cpl vmx smx est tm2 ssse3 cx16 xtpr pdcm pcid dca sse4_1 sse4_2 popcnt aes lahf_lm ida arat epb dts tpr_shadow vnmi flexpriority ept vpid
bogomips	: 6400.64
clflush size	: 64
cache_alignment	: 64
address sizes	: 36 bits physical, 48 bits virtual
power management:

processor	: 1
vendor_id	: GenuineIntel
cpu family	: 6
model		: 44
model name	: Intel(R) Xeon(R) CPU           W3670  @ 3.20GHz
stepping	: 2
cpu MHz		: 3200.323
cache size	: 12288 KB
physical id	: 0
siblings	: 12
core id		: 1
cpu cores	: 6
apicid		: 2
initial apicid	: 2
fpu		: yes
fpu_exception	: yes
cpuid level	: 11
wp		: yes
flags		: fpu vme de pse tsc msr pae mce cx8 apic sep mtrr pge mca cmov pat pse36 clflush dts acpi mmx fxsr sse sse2 ss ht tm pbe syscall nx pdpe1gb rdtscp lm constant_tsc arch_perfmon pebs bts rep_good xtopology nonstop_tsc aperfmperf pni pclmulqdq dtes64 monitor ds_cpl vmx smx est tm2 ssse3 cx16 xtpr pdcm pcid dca sse4_1 sse4_2 popcnt aes lahf_lm ida arat epb dts tpr_shadow vnmi flexpriority ept vpid
bogomips	: 6400.64
clflush size	: 64
cache_alignment	: 64
address sizes	: 36 bits physical, 48 bits virtual
power management:

processor	: 2
vendor_id	: GenuineIntel
cpu family	: 6
model		: 44
model name	: Intel(R) Xeon(R) CPU           W3670  @ 3.20GHz
stepping	: 2
cpu MHz		: 3200.323
cache size	: 12288 KB
physical id	: 0
siblings	: 12
core id		: 2
cpu cores	: 6
apicid		: 4
initial apicid	: 4
fpu		: yes
fpu_exception	: yes
cpuid level	: 11
wp		: yes
flags		: fpu vme de pse tsc msr pae mce cx8 apic sep mtrr pge mca cmov pat pse36 clflush dts acpi mmx fxsr sse sse2 ss ht tm pbe syscall nx pdpe1gb rdtscp lm constant_tsc arch_perfmon pebs bts rep_good xtopology nonstop_tsc aperfmperf pni pclmulqdq dtes64 monitor ds_cpl vmx smx est tm2 ssse3 cx16 xtpr pdcm pcid dca sse4_1 sse4_2 popcnt aes lahf_lm ida arat epb dts tpr_shadow vnmi flexpriority ept vpid
bogomips	: 6400.64
clflush size	: 64
cache_alignment	: 64
address sizes	: 36 bits physical, 48 bits virtual
power management:

processor	: 3
vendor_id	: GenuineIntel
cpu family	: 6
model		: 44
model name	: Intel(R) Xeon(R) CPU           W3670  @ 3.20GHz
stepping	: 2
cpu MHz		: 3200.323
cache size	: 12288 KB
physical id	: 0
siblings	: 12
core id		: 8
cpu cores	: 6
apicid		: 16
initial apicid	: 16
fpu		: yes
fpu_exception	: yes
cpuid level	: 11
wp		: yes
flags		: fpu vme de pse tsc msr pae mce cx8 apic sep mtrr pge mca cmov pat pse36 clflush dts acpi mmx fxsr sse sse2 ss ht tm pbe syscall nx pdpe1gb rdtscp lm constant_tsc arch_perfmon pebs bts rep_good xtopology nonstop_tsc aperfmperf pni pclmulqdq dtes64 monitor ds_cpl vmx smx est tm2 ssse3 cx16 xtpr pdcm pcid dca sse4_1 sse4_2 popcnt aes lahf_lm ida arat epb dts tpr_shadow vnmi flexpriority ept vpid
bogomips	: 6400.64
clflush size	: 64
cache_alignment	: 64
address sizes	: 36 bits physical, 48 bits virtual
power management:

processor	: 4
vendor_id	: GenuineIntel
cpu family	: 6
model		: 44
model name	: Intel(R) Xeon(R) CPU           W3670  @ 3.20GHz
stepping	: 2
cpu MHz		: 3200.323
cache size	: 12288 KB
physical id	: 0
siblings	: 12
core id		: 9
cpu cores	: 6
apicid		: 18
initial apicid	: 18
fpu		: yes
fpu_exception	: yes
cpuid level	: 11
wp		: yes
flags		: fpu vme de pse tsc msr pae mce cx8 apic sep mtrr pge mca cmov pat pse36 clflush dts acpi mmx fxsr sse sse2 ss ht tm pbe syscall nx pdpe1gb rdtscp lm constant_tsc arch_perfmon pebs bts rep_good xtopology nonstop_tsc aperfmperf pni pclmulqdq dtes64 monitor ds_cpl vmx smx est tm2 ssse3 cx16 xtpr pdcm pcid dca sse4_1 sse4_2 popcnt aes lahf_lm ida arat epb dts tpr_shadow vnmi flexpriority ept vpid
bogomips	: 6400.64
clflush size	: 64
cache_alignment	: 64
address sizes	: 36 bits physical, 48 bits virtual
power management:

processor	: 5
vendor_id	: GenuineIntel
cpu family	: 6
model		: 44
model name	: Intel(R) Xeon(R) CPU           W3670  @ 3.20GHz
stepping	: 2
cpu MHz		: 3200.323
cache size	: 12288 KB
physical id	: 0
siblings	: 12
core id		: 10
cpu cores	: 6
apicid		: 20
initial apicid	: 20
fpu		: yes
fpu_exception	: yes
cpuid level	: 11
wp		: yes
flags		: fpu vme de pse tsc msr pae mce cx8 apic sep mtrr pge mca cmov pat pse36 clflush dts acpi mmx fxsr sse sse2 ss ht tm pbe syscall nx pdpe1gb rdtscp lm constant_tsc arch_perfmon pebs bts rep_good xtopology nonstop_tsc aperfmperf pni pclmulqdq dtes64 monitor ds_cpl vmx smx est tm2 ssse3 cx16 xtpr pdcm pcid dca sse4_1 sse4_2 popcnt aes lahf_lm ida arat epb dts tpr_shadow vnmi flexpriority ept vpid
bogomips	: 6400.64
clflush size	: 64
cache_alignment	: 64
address sizes	: 36 bits physical, 48 bits virtual
power management:

processor	: 6
vendor_id	: GenuineIntel
cpu family	: 6
model		: 44
model name	: Intel(R) Xeon(R) CPU           W3670  @ 3.20GHz
stepping	: 2
cpu MHz		: 3200.323
cache size	: 12288 KB
physical id	: 0
siblings	: 12
core id		: 0
cpu cores	: 6
apicid		: 1
initial apicid	: 1
fpu		: yes
fpu_exception	: yes
cpuid level	: 11
wp		: yes
flags		: fpu vme de pse tsc msr pae mce cx8 apic sep mtrr pge mca cmov pat pse36 clflush dts acpi mmx fxsr sse sse2 ss ht tm pbe syscall nx pdpe1gb rdtscp lm constant_tsc arch_perfmon pebs bts rep_good xtopology nonstop_tsc aperfmperf pni pclmulqdq dtes64 monitor ds_cpl vmx smx est tm2 ssse3 cx16 xtpr pdcm pcid dca sse4_1 sse4_2 popcnt aes lahf_lm ida arat epb dts tpr_shadow vnmi flexpriority ept vpid
bogomips	: 6400.64
clflush size	: 64
cache_alignment	: 64
address sizes	: 36 bits physical, 48 bits virtual
power management:

processor	: 7
vendor_id	: GenuineIntel
cpu family	: 6
model		: 44
model name	: Intel(R) Xeon(R) CPU           W3670  @ 3.20GHz
stepping	: 2
cpu MHz		: 3200.323
cache size	: 12288 KB
physical id	: 0
siblings	: 12
core id		: 1
cpu cores	: 6
apicid		: 3
initial apicid	: 3
fpu		: yes
fpu_exception	: yes
cpuid level	: 11
wp		: yes
flags		: fpu vme de pse tsc msr pae mce cx8 apic sep mtrr pge mca cmov pat pse36 clflush dts acpi mmx fxsr sse sse2 ss ht tm pbe syscall nx pdpe1gb rdtscp lm constant_tsc arch_perfmon pebs bts rep_good xtopology nonstop_tsc aperfmperf pni pclmulqdq dtes64 monitor ds_cpl vmx smx est tm2 ssse3 cx16 xtpr pdcm pcid dca sse4_1 sse4_2 popcnt aes lahf_lm ida arat epb dts tpr_shadow vnmi flexpriority ept vpid
bogomips	: 6400.64
clflush size	: 64
cache_alignment	: 64
address sizes	: 36 bits physical, 48 bits virtual
power management:

processor	: 8
vendor_id	: GenuineIntel
cpu family	: 6
model		: 44
model name	: Intel(R) Xeon(R) CPU           W3670  @ 3.20GHz
stepping	: 2
cpu MHz		: 3200.323
cache size	: 12288 KB
physical id	: 0
siblings	: 12
core id		: 2
cpu cores	: 6
apicid		: 5
initial apicid	: 5
fpu		: yes
fpu_exception	: yes
cpuid level	: 11
wp		: yes
flags		: fpu vme de pse tsc msr pae mce cx8 apic sep mtrr pge mca cmov pat pse36 clflush dts acpi mmx fxsr sse sse2 ss ht tm pbe syscall nx pdpe1gb rdtscp lm constant_tsc arch_perfmon pebs bts rep_good xtopology nonstop_tsc aperfmperf pni pclmulqdq dtes64 monitor ds_cpl vmx smx est tm2 ssse3 cx16 xtpr pdcm pcid dca sse4_1 sse4_2 popcnt aes lahf_lm ida arat epb dts tpr_shadow vnmi flexpriority ept vpid
bogomips	: 6400.64
clflush size	: 64
cache_alignment	: 64
address sizes	: 36 bits physical, 48 bits virtual
power management:

processor	: 9
vendor_id	: GenuineIntel
cpu family	: 6
model		: 44
model name	: Intel(R) Xeon(R) CPU           W3670  @ 3.20GHz
stepping	: 2
cpu MHz		: 3200.323
cache size	: 12288 KB
physical id	: 0
siblings	: 12
core id		: 8
cpu cores	: 6
apicid		: 17
initial apicid	: 17
fpu		: yes
fpu_exception	: yes
cpuid level	: 11
wp		: yes
flags		: fpu vme de pse tsc msr pae mce cx8 apic sep mtrr pge mca cmov pat pse36 clflush dts acpi mmx fxsr sse sse2 ss ht tm pbe syscall nx pdpe1gb rdtscp lm constant_tsc arch_perfmon pebs bts rep_good xtopology nonstop_tsc aperfmperf pni pclmulqdq dtes64 monitor ds_cpl vmx smx est tm2 ssse3 cx16 xtpr pdcm pcid dca sse4_1 sse4_2 popcnt aes lahf_lm ida arat epb dts tpr_shadow vnmi flexpriority ept vpid
bogomips	: 6400.64
clflush size	: 64
cache_alignment	: 64
address sizes	: 36 bits physical, 48 bits virtual
power management:

processor	: 10
vendor_id	: GenuineIntel
cpu family	: 6
model		: 44
model name	: Intel(R) Xeon(R) CPU           W3670  @ 3.20GHz
stepping	: 2
cpu MHz		: 3200.323
cache size	: 12288 KB
physical id	: 0
siblings	: 12
core id		: 9
cpu cores	: 6
apicid		: 19
initial apicid	: 19
fpu		: yes
fpu_exception	: yes
cpuid level	: 11
wp		: yes
flags		: fpu vme de pse tsc msr pae mce cx8 apic sep mtrr pge mca cmov pat pse36 clflush dts acpi mmx fxsr sse sse2 ss ht tm pbe syscall nx pdpe1gb rdtscp lm constant_tsc arch_perfmon pebs bts rep_good xtopology nonstop_tsc aperfmperf pni pclmulqdq dtes64 monitor ds_cpl vmx smx est tm2 ssse3 cx16 xtpr pdcm pcid dca sse4_1 sse4_2 popcnt aes lahf_lm ida arat epb dts tpr_shadow vnmi flexpriority ept vpid
bogomips	: 6400.64
clflush size	: 64
cache_alignment	: 64
address sizes	: 36 bits physical, 48 bits virtual
power management:

processor	: 11
vendor_id	: GenuineIntel
cpu family	: 6
model		: 44
model name	: Intel(R) Xeon(R) CPU           W3670  @ 3.20GHz
stepping	: 2
cpu MHz		: 3200.323
cache size	: 12288 KB
physical id	: 0
siblings	: 12
core id		: 10
cpu cores	: 6
apicid		: 21
initial apicid	: 21
fpu		: yes
fpu_exception	: yes
cpuid level	: 11
wp		: yes
flags		: fpu vme de pse tsc msr pae mce cx8 apic sep mtrr pge mca cmov pat pse36 clflush dts acpi mmx fxsr sse sse2 ss ht tm pbe syscall nx pdpe1gb rdtscp lm constant_tsc arch_perfmon pebs bts rep_good xtopology nonstop_tsc aperfmperf pni pclmulqdq dtes64 monitor ds_cpl vmx smx est tm2 ssse3 cx16 xtpr pdcm pcid dca sse4_1 sse4_2 popcnt aes lahf_lm ida arat epb dts tpr_shadow vnmi flexpriority ept vpid
bogomips	: 6400.64
clflush size	: 64
cache_alignment	: 64
address sizes	: 36 bits physical, 48 bits virtual
power management:



Memory: 4k page, physical 12191060k(6855644k free), swap 1023992k(1023992k free)

vm_info: OpenJDK 64-Bit Server VM (24.45-b08) for linux-amd64 JRE (1.7.0_45-mockbuild_2013_10_21_06_40-b00), built on Oct 21 2013 06:45:57 by "mockbuild" with gcc 4.4.7 20120313 (Red Hat 4.4.7-3)

time: Thu Dec  5 22:20:50 2013
elapsed time: 0 seconds

